[
 {
  "Error": {},
  "Frames": [
   {
    "Time": 58,
    "Turn": 0
   },
   {
    "Commands": [
     {
      "angle": 21,
      "magnitude": 7,
      "owner": 0,
      "queue_number": 0,
      "shipId": 0,
      "type": "thrust"
     },
     {
      "angle": 1,
      "magnitude": 7,
      "owner": 0,
      "queue_number": 0,
      "shipId": 1,
      "type": "thrust"
     },
     {
      "angle": 14,
      "magnitude": 7,
      "owner": 0,
      "queue_number": 0,
      "shipId": 2,
      "type": "thrust"
     }
    ],
    "Planets": null,
    "Ships": [
     {
      "cooldown": 0,
      "docking": {
       "status": "undocked"
      },
      "health": 255,
      "id": 0,
      "owner": 0,
      "vel_x": 0.0,
      "vel_y": 0.0,
      "x": 66.535062985480408,
      "y": 82.508575646817107
     },
     {
      "cooldown": 0,
      "docking": {
       "status": "undocked"
      },
      "health": 255,
      "id": 1,
      "owner": 0,
      "vel_x": 0.0,
      "vel_y": 0.0,
      "x": 66.998933866094745,
      "y": 77.122166845060988
     },
     {
      "cooldown": 0,
      "docking": {
       "status": "undocked"
      },
      "health": 255,
      "id": 2,
      "owner": 0,
      "vel_x": 0.0,
      "vel_y": 0.0,
      "x": 66.792070083931975,
      "y": 84.693453269197676
     }
    ],
    "Time": 1,
    "Turn": 1
   }
  ],
  "PlayerID": 0,
  "PlayerName": "monkey_business"
 },
 {
  "Error": {
   "Message": "ERRORED! Got Exception (if any): ERROR: Bot #1: Received invalid character '  File \"C:\\Users\\erkol\\OneDrive\\Desktop\\kiaufgabe\\Halite2\\othrbot\\Halite2AI-master\\MyBot.py\", line 1, in <module>F'. (at character 3.)\nInput received from bot:\n  File \"C:\\Users\\erkol\\OneDrive\\Desktop\\kiaufgabe\\Halite2\\othrbot\\Halite2AI-master\\MyBot.py\", line 1, in <module>\n  ^; Response received (if any):   File \"C:\\Users\\erkol\\OneDrive\\Desktop\\kiaufgabe\\Halite2\\othrbot\\Halite2AI-master\\MyBot.py\", line 1, in <module>    import hlt  File \"C:\\Users\\erkol\\OneDrive\\Desktop\\kiaufgabe\\Halite2\\othrbot\\Halite2AI-master\\hlt\\__init__.py\", line 9, in <module>    from . import collision, constants, entity, game_map, networking, tactic, strategy  File \"C:\\Users\\erkol\\OneDrive\\Desktop\\kiaufgabe\\Halite2\\othrbot\\Halite2AI-master\\hlt\\collision.py\", line 1, in <module>    from .entity import Position, Entity  File \"C:\\Users\\erkol\\OneDrive\\Desktop\\kiaufgabe\\Halite2\\othrbot\\Halite2AI-master\\hlt\\entity.py\", line 6, in <module>    import numpy as npModuleNotFoundError: No module named 'numpy'",
   "Turn": 1
  },
  "Frames": [
   {
    "Time": 69,
    "Turn": 0
   },
   {
    "Time": 0
   }
  ],
  "PlayerID": 1,
  "PlayerName": "Traceback (most recent call la"
 }
]
