[
 {
  "Error": {},
  "Frames": [
   {
    "Time": 62,
    "Turn": 0
   },
   {
    "Commands": [
     {
      "angle": 321,
      "magnitude": 7,
      "owner": 0,
      "queue_number": 0,
      "shipId": 0,
      "type": "thrust"
     },
     {
      "angle": 112,
      "magnitude": 7,
      "owner": 0,
      "queue_number": 0,
      "shipId": 1,
      "type": "thrust"
     },
     {
      "angle": 316,
      "magnitude": 7,
      "owner": 0,
      "queue_number": 0,
      "shipId": 2,
      "type": "thrust"
     }
    ],
    "Planets": null,
    "Ships": [
     {
      "cooldown": 0,
      "docking": {
       "status": "undocked"
      },
      "health": 255,
      "id": 0,
      "owner": 0,
      "vel_x": 0.0,
      "vel_y": 0.0,
      "x": 125.44002173019879,
      "y": 35.594757262651136
     },
     {
      "cooldown": 0,
      "docking": {
       "status": "undocked"
      },
      "health": 255,
      "id": 1,
      "owner": 0,
      "vel_x": 0.0,
      "vel_y": 0.0,
      "x": 117.37775384608861,
      "y": 43.490286981967515
     },
     {
      "cooldown": 0,
      "docking": {
       "status": "undocked"
      },
      "health": 255,
      "id": 2,
      "owner": 0,
      "vel_x": 0.0,
      "vel_y": 0.0,
      "x": 125.03537860237056,
      "y": 38.137391406787017
     }
    ],
    "Time": 2,
    "Turn": 1
   }
  ],
  "PlayerID": 0,
  "PlayerName": "monkey_business"
 },
 {
  "Error": {
   "Message": "ERRORED! Got Exception (if any): ERROR: Bot #1: Received invalid character '  File \"C:\\Users\\erkol\\OneDrive\\Desktop\\kiaufgabe\\Halite2\\othrbot\\Halite2AI-master\\MyBot.py\", line 1, in <module>F'. (at character 3.)\nInput received from bot:\n  File \"C:\\Users\\erkol\\OneDrive\\Desktop\\kiaufgabe\\Halite2\\othrbot\\Halite2AI-master\\MyBot.py\", line 1, in <module>\n  ^; Response received (if any):   File \"C:\\Users\\erkol\\OneDrive\\Desktop\\kiaufgabe\\Halite2\\othrbot\\Halite2AI-master\\MyBot.py\", line 1, in <module>    import hlt  File \"C:\\Users\\erkol\\OneDrive\\Desktop\\kiaufgabe\\Halite2\\othrbot\\Halite2AI-master\\hlt\\__init__.py\", line 9, in <module>    from . import collision, constants, entity, game_map, networking, tactic, strategy  File \"C:\\Users\\erkol\\OneDrive\\Desktop\\kiaufgabe\\Halite2\\othrbot\\Halite2AI-master\\hlt\\collision.py\", line 1, in <module>    from .entity import Position, Entity  File \"C:\\Users\\erkol\\OneDrive\\Desktop\\kiaufgabe\\Halite2\\othrbot\\Halite2AI-master\\hlt\\entity.py\", line 6, in <module>    import numpy as npModuleNotFoundError: No module named 'numpy'",
   "Turn": 1
  },
  "Frames": [
   {
    "Time": 60,
    "Turn": 0
   },
   {
    "Time": 0
   }
  ],
  "PlayerID": 1,
  "PlayerName": "Traceback (most recent call la"
 }
]
