[
 {
  "Error": {
   "Message": "ERRORED! Response received (if any): Python konnte nicht gefunden werden. Führen Sie die Verknüpfung ohne Argumente aus, um sie über den Microsoft Store zu installieren, oder deaktivieren Sie diese Verknüpfung unter ",
   "Turn": 0
  },
  "Frames": [
   null
  ]
 },
 {
  "Error": {
   "Message": "ERRORED! Response received (if any): Python konnte nicht gefunden werden. Führen Sie die Verknüpfung ohne Argumente aus, um sie über den Microsoft Store zu installieren, oder deaktivieren Sie diese Verknüpfung unter ",
   "Turn": 0
  },
  "Frames": [
   null
  ]
 }
]
