INFO:root:Initialized bot monkey_business
INFO:root:---NEW TURN---
INFO:root:Starting monkey business!
INFO:root:---NEW TURN---
INFO:root:All ships 3
INFO:root:Attack ships 1
INFO:root:Enemy ships 3
INFO:root:---NEW TURN---
INFO:root:All ships 3
INFO:root:Attack ships 1
INFO:root:Enemy ships 3
INFO:root:---NEW TURN---
INFO:root:All ships 3
INFO:root:Attack ships 1
INFO:root:Enemy ships 3
INFO:root:---NEW TURN---
INFO:root:All ships 3
INFO:root:Attack ships 1
INFO:root:Enemy ships 3
INFO:root:---NEW TURN---
INFO:root:All ships 3
INFO:root:Attack ships 1
INFO:root:Enemy ships 3
INFO:root:---NEW TURN---
INFO:root:All ships 3
INFO:root:Attack ships 1
INFO:root:Enemy ships 3
INFO:root:---NEW TURN---
INFO:root:All ships 3
INFO:root:Attack ships 1
INFO:root:Enemy ships 3
INFO:root:---NEW TURN---
INFO:root:All ships 3
INFO:root:Attack ships 1
INFO:root:Enemy ships 3
INFO:root:---NEW TURN---
INFO:root:All ships 3
INFO:root:Attack ships 1
INFO:root:Enemy ships 3
INFO:root:---NEW TURN---
INFO:root:All ships 3
INFO:root:Attack ships 1
INFO:root:Enemy ships 3
INFO:root:---NEW TURN---
INFO:root:All ships 3
INFO:root:Attack ships 1
INFO:root:Enemy ships 3
INFO:root:---NEW TURN---
INFO:root:All ships 3
INFO:root:Attack ships 1
INFO:root:Enemy ships 2
INFO:root:---NEW TURN---
INFO:root:All ships 3
INFO:root:Attack ships 1
INFO:root:Enemy ships 2
INFO:root:---NEW TURN---
INFO:root:All ships 3
INFO:root:Attack ships 1
INFO:root:Enemy ships 2
INFO:root:---NEW TURN---
INFO:root:All ships 2
INFO:root:Attack ships 1
INFO:root:Enemy ships 2
INFO:root:---NEW TURN---
INFO:root:All ships 2
INFO:root:Attack ships 1
INFO:root:Enemy ships 2
INFO:root:---NEW TURN---
INFO:root:All ships 2
INFO:root:Attack ships 1
INFO:root:Enemy ships 2
INFO:root:---NEW TURN---
INFO:root:All ships 2
INFO:root:Attack ships 1
INFO:root:Enemy ships 2
INFO:root:---NEW TURN---
INFO:root:All ships 2
INFO:root:Attack ships 1
INFO:root:Enemy ships 2
INFO:root:---NEW TURN---
INFO:root:All ships 2
INFO:root:Attack ships 1
INFO:root:Enemy ships 2
INFO:root:---NEW TURN---
INFO:root:All ships 2
INFO:root:Attack ships 1
INFO:root:Enemy ships 2
INFO:root:---NEW TURN---
INFO:root:All ships 3
INFO:root:Attack ships 1
INFO:root:Enemy ships 3
INFO:root:---NEW TURN---
INFO:root:All ships 3
INFO:root:Attack ships 1
INFO:root:Enemy ships 3
INFO:root:---NEW TURN---
INFO:root:All ships 3
INFO:root:Attack ships 1
INFO:root:Enemy ships 3
INFO:root:---NEW TURN---
INFO:root:All ships 3
INFO:root:Attack ships 1
INFO:root:Enemy ships 3
INFO:root:---NEW TURN---
INFO:root:All ships 3
INFO:root:Attack ships 1
INFO:root:Enemy ships 3
INFO:root:---NEW TURN---
INFO:root:All ships 3
INFO:root:Attack ships 1
INFO:root:Enemy ships 3
INFO:root:---NEW TURN---
INFO:root:All ships 2
INFO:root:Attack ships 1
INFO:root:Enemy ships 3
INFO:root:---NEW TURN---
INFO:root:All ships 2
INFO:root:Attack ships 1
INFO:root:Enemy ships 3
INFO:root:---NEW TURN---
INFO:root:All ships 2
INFO:root:Attack ships 1
INFO:root:Enemy ships 2
INFO:root:---NEW TURN---
INFO:root:All ships 2
INFO:root:Attack ships 1
INFO:root:Enemy ships 3
INFO:root:---NEW TURN---
INFO:root:All ships 2
INFO:root:Attack ships 1
INFO:root:Enemy ships 3
INFO:root:---NEW TURN---
INFO:root:All ships 2
INFO:root:Attack ships 1
INFO:root:Enemy ships 3
INFO:root:---NEW TURN---
INFO:root:All ships 3
INFO:root:Attack ships 1
INFO:root:Enemy ships 3
INFO:root:---NEW TURN---
INFO:root:All ships 3
INFO:root:Attack ships 1
INFO:root:Enemy ships 3
INFO:root:---NEW TURN---
INFO:root:All ships 3
INFO:root:Attack ships 1
INFO:root:Enemy ships 3
INFO:root:---NEW TURN---
INFO:root:All ships 3
INFO:root:Attack ships 1
INFO:root:Enemy ships 4
INFO:root:---NEW TURN---
INFO:root:All ships 3
INFO:root:Attack ships 1
INFO:root:Enemy ships 4
INFO:root:---NEW TURN---
INFO:root:All ships 3
INFO:root:Attack ships 1
INFO:root:Enemy ships 4
INFO:root:---NEW TURN---
INFO:root:All ships 3
INFO:root:Attack ships 1
INFO:root:Enemy ships 4
INFO:root:---NEW TURN---
INFO:root:All ships 3
INFO:root:Attack ships 1
INFO:root:Enemy ships 4
INFO:root:---NEW TURN---
INFO:root:All ships 3
INFO:root:Attack ships 1
INFO:root:Enemy ships 4
INFO:root:---NEW TURN---
INFO:root:All ships 4
INFO:root:Attack ships 1
INFO:root:Enemy ships 5
INFO:root:---NEW TURN---
INFO:root:All ships 4
INFO:root:Attack ships 1
INFO:root:Enemy ships 5
INFO:root:---NEW TURN---
INFO:root:All ships 4
INFO:root:Attack ships 1
INFO:root:Enemy ships 5
INFO:root:---NEW TURN---
INFO:root:All ships 4
INFO:root:Attack ships 1
INFO:root:Enemy ships 6
INFO:root:---NEW TURN---
INFO:root:All ships 3
INFO:root:Attack ships 1
INFO:root:Enemy ships 5
INFO:root:---NEW TURN---
INFO:root:All ships 3
INFO:root:Attack ships 1
INFO:root:Enemy ships 5
INFO:root:---NEW TURN---
INFO:root:All ships 4
INFO:root:Attack ships 1
INFO:root:Enemy ships 6
INFO:root:---NEW TURN---
INFO:root:All ships 4
INFO:root:Attack ships 1
INFO:root:Enemy ships 6
INFO:root:---NEW TURN---
INFO:root:All ships 4
INFO:root:Attack ships 1
INFO:root:Enemy ships 6
INFO:root:---NEW TURN---
INFO:root:All ships 4
INFO:root:Attack ships 1
INFO:root:Enemy ships 7
INFO:root:---NEW TURN---
INFO:root:All ships 3
INFO:root:Attack ships 1
INFO:root:Enemy ships 7
INFO:root:---NEW TURN---
INFO:root:All ships 3
INFO:root:Attack ships 1
INFO:root:Enemy ships 7
INFO:root:---NEW TURN---
INFO:root:All ships 2
INFO:root:Attack ships 1
INFO:root:Enemy ships 7
INFO:root:---NEW TURN---
INFO:root:All ships 2
INFO:root:Attack ships 1
INFO:root:Enemy ships 7
INFO:root:---NEW TURN---
INFO:root:All ships 3
INFO:root:Attack ships 1
INFO:root:Enemy ships 7
INFO:root:---NEW TURN---
INFO:root:All ships 3
INFO:root:Attack ships 1
INFO:root:Enemy ships 8
INFO:root:---NEW TURN---
INFO:root:All ships 3
INFO:root:Attack ships 1
INFO:root:Enemy ships 9
INFO:root:---NEW TURN---
INFO:root:All ships 3
INFO:root:Attack ships 1
INFO:root:Enemy ships 9
INFO:root:---NEW TURN---
INFO:root:All ships 3
INFO:root:Attack ships 1
INFO:root:Enemy ships 10
INFO:root:---NEW TURN---
INFO:root:All ships 2
INFO:root:Attack ships 1
INFO:root:Enemy ships 10
INFO:root:---NEW TURN---
INFO:root:All ships 2
INFO:root:Attack ships 1
INFO:root:Enemy ships 10
INFO:root:---NEW TURN---
INFO:root:All ships 2
INFO:root:Attack ships 1
INFO:root:Enemy ships 11
INFO:root:---NEW TURN---
